<?xml version="1.0" encoding="UTF-8"?>
<testsuites name="Mocha Tests" time="0.003" tests="10" failures="0">
  <testsuite name="Root Suite" timestamp="2020-09-29T08:41:07" tests="0" failures="0" time="0">
  </testsuite>
  <testsuite name="evenNumbersInArray function" timestamp="2020-09-29T08:41:07" tests="10" file="D:\CSHARP-LEARNING\EPAM\Projects\22 JS\testtask1\test\even-numbers.spec.js" failures="0" time="0.003">
    <testcase name="evenNumbersInArray function should return &quot;Passed argument is not an array or empty&quot; when type of passed argumnent is not an &quot;array&quot;" time="0.001" classname="should return &quot;Passed argument is not an array or empty&quot; when type of passed argumnent is not an &quot;array&quot;">
    </testcase>
    <testcase name="evenNumbersInArray function should return &quot;Passed argument is not an array or empty&quot; when type of passed argumnent is not an &quot;array&quot;" time="0" classname="should return &quot;Passed argument is not an array or empty&quot; when type of passed argumnent is not an &quot;array&quot;">
    </testcase>
    <testcase name="evenNumbersInArray function should return &quot;Passed argument is not an array or empty&quot; when type of passed argumnent is not an &quot;array&quot;" time="0" classname="should return &quot;Passed argument is not an array or empty&quot; when type of passed argumnent is not an &quot;array&quot;">
    </testcase>
    <testcase name="evenNumbersInArray function should return &quot;Passed array not have even numbers in array&quot; when given array not have even numbers" time="0" classname="should return &quot;Passed array not have even numbers in array&quot; when given array not have even numbers">
    </testcase>
    <testcase name="evenNumbersInArray function should return &quot;Passed array does not contain even numbers&quot; when given array not have even numbers" time="0.001" classname="should return &quot;Passed array does not contain even numbers&quot; when given array not have even numbers">
    </testcase>
    <testcase name="evenNumbersInArray function should return &quot;Passed array not have even numbers in array&quot; when given array not have even numbers" time="0" classname="should return &quot;Passed array not have even numbers in array&quot; when given array not have even numbers">
    </testcase>
    <testcase name="evenNumbersInArray function should return even numbers [2,4,6] from array" time="0.001" classname="should return even numbers [2,4,6] from array">
    </testcase>
    <testcase name="evenNumbersInArray function should return even numbers [2,12,10] from array" time="0" classname="should return even numbers [2,12,10] from array">
    </testcase>
    <testcase name="evenNumbersInArray function should return even numbers [6] from array" time="0" classname="should return even numbers [6] from array">
    </testcase>
    <testcase name="evenNumbersInArray function should return even numbers [56] from array" time="0" classname="should return even numbers [56] from array">
    </testcase>
  </testsuite>
</testsuites>