<?xml version="1.0" encoding="UTF-8"?>
<testsuites name="Mocha Tests" time="0.0050" tests="7" failures="0">
  <testsuite name="Root Suite" timestamp="2020-09-29T08:46:00" tests="0" time="0.0000" failures="0">
  </testsuite>
  <testsuite name="twinArrayNumbers function" timestamp="2020-09-29T08:46:00" tests="7" file="D:\CSHARP-LEARNING\EPAM\Projects\22 JS\testtask2\test\fibonacci.spec.js" time="0.0050" failures="0">
    <testcase name="twinArrayNumbers function should return &quot;Passed argument is not a number&quot; when type of passed argumnent is not an &quot;number&quot;" time="0.0010" classname="should return &quot;Passed argument is not a number&quot; when type of passed argumnent is not an &quot;number&quot;">
    </testcase>
    <testcase name="twinArrayNumbers function should return &quot;Passed argument is not a number&quot; when type of passed argumnent is not an &quot;number&quot;" time="0.0000" classname="should return &quot;Passed argument is not a number&quot; when type of passed argumnent is not an &quot;number&quot;">
    </testcase>
    <testcase name="twinArrayNumbers function should return &quot;Passed argument is not a number&quot; when type of passed argumnent is not an &quot;number&quot;" time="0.0000" classname="should return &quot;Passed argument is not a number&quot; when type of passed argumnent is not an &quot;number&quot;">
    </testcase>
    <testcase name="twinArrayNumbers function should return fibonacci number" time="0.0000" classname="should return fibonacci number">
    </testcase>
    <testcase name="twinArrayNumbers function should return fibonacci number" time="0.0000" classname="should return fibonacci number">
    </testcase>
    <testcase name="twinArrayNumbers function should return fibonacci number" time="0.0000" classname="should return fibonacci number">
    </testcase>
    <testcase name="twinArrayNumbers function should return fibonacci number" time="0.0040" classname="should return fibonacci number">
    </testcase>
  </testsuite>
</testsuites>